<?xml version="1.0" encoding="UTF-8"?>
<!-- Generated by org.testng.reporters.JUnitReportReporter -->
<testsuite hostname="awsomepc" failures="0" tests="1" name="test" time="0.018" errors="0" timestamp="2023-02-08T16:35:56 GET" skipped="0">
  <testcase classname="test" name="test" time="0.018"/>
  <system-out/>
</testsuite> <!-- test -->
